<?xml version="1.0" encoding="UTF-8"?>
<testsuite name="br.edu.ifpb.locafilme.entidades.UnitTest" time="0.023" tests="8" errors="8" skipped="0" failures="0">
  <properties>
    <property name="java.runtime.name" value="Java(TM) SE Runtime Environment"/>
    <property name="sun.boot.library.path" value="/usr/lib/jvm/java-8-oracle/jre/lib/i386"/>
    <property name="java.vm.version" value="25.121-b13"/>
    <property name="java.vm.vendor" value="Oracle Corporation"/>
    <property name="maven.multiModuleProjectDirectory" value="/home/laerton/Área de Trabalho/IFPB2017/praticas/Atividade/atividadeTesteLaerton/LocaFilme"/>
    <property name="java.vendor.url" value="http://java.oracle.com/"/>
    <property name="path.separator" value=":"/>
    <property name="guice.disable.misplaced.annotation.check" value="true"/>
    <property name="java.vm.name" value="Java HotSpot(TM) Server VM"/>
    <property name="file.encoding.pkg" value="sun.io"/>
    <property name="user.country" value="BR"/>
    <property name="sun.java.launcher" value="SUN_STANDARD"/>
    <property name="sun.os.patch.level" value="unknown"/>
    <property name="java.vm.specification.name" value="Java Virtual Machine Specification"/>
    <property name="user.dir" value="/home/laerton/Área de Trabalho/IFPB2017/praticas/Atividade/atividadeTesteLaerton/LocaFilme"/>
    <property name="java.runtime.version" value="1.8.0_121-b13"/>
    <property name="java.awt.graphicsenv" value="sun.awt.X11GraphicsEnvironment"/>
    <property name="java.endorsed.dirs" value="/usr/lib/jvm/java-8-oracle/jre/lib/endorsed"/>
    <property name="os.arch" value="i386"/>
    <property name="java.io.tmpdir" value="/tmp"/>
    <property name="line.separator" value="&#10;"/>
    <property name="java.vm.specification.vendor" value="Oracle Corporation"/>
    <property name="os.name" value="Linux"/>
    <property name="net.sourceforge.cobertura.datafile" value="/home/laerton/Área de Trabalho/IFPB2017/praticas/Atividade/atividadeTesteLaerton/LocaFilme/target/cobertura/cobertura.ser"/>
    <property name="classworlds.conf" value="/usr/share/maven/bin/m2.conf"/>
    <property name="sun.jnu.encoding" value="UTF-8"/>
    <property name="java.library.path" value="/usr/java/packages/lib/i386:/lib:/usr/lib"/>
    <property name="java.specification.name" value="Java Platform API Specification"/>
    <property name="java.class.version" value="52.0"/>
    <property name="sun.management.compiler" value="HotSpot Tiered Compilers"/>
    <property name="os.version" value="4.8.0-41-generic"/>
    <property name="user.home" value="/home/laerton"/>
    <property name="user.timezone" value="America/Fortaleza"/>
    <property name="java.awt.printerjob" value="sun.print.PSPrinterJob"/>
    <property name="java.specification.version" value="1.8"/>
    <property name="file.encoding" value="UTF-8"/>
    <property name="user.name" value="laerton"/>
    <property name="java.class.path" value="/usr/share/maven/boot/plexus-classworlds-2.x.jar"/>
    <property name="java.vm.specification.version" value="1.8"/>
    <property name="sun.arch.data.model" value="32"/>
    <property name="java.home" value="/usr/lib/jvm/java-8-oracle/jre"/>
    <property name="sun.java.command" value="org.codehaus.plexus.classworlds.launcher.Launcher cobertura:cobertura"/>
    <property name="java.specification.vendor" value="Oracle Corporation"/>
    <property name="user.language" value="pt"/>
    <property name="awt.toolkit" value="sun.awt.X11.XToolkit"/>
    <property name="java.vm.info" value="mixed mode"/>
    <property name="java.version" value="1.8.0_121"/>
    <property name="java.ext.dirs" value="/usr/lib/jvm/java-8-oracle/jre/lib/ext:/usr/java/packages/lib/ext"/>
    <property name="securerandom.source" value="file:/dev/./urandom"/>
    <property name="sun.boot.class.path" value="/usr/lib/jvm/java-8-oracle/jre/lib/resources.jar:/usr/lib/jvm/java-8-oracle/jre/lib/rt.jar:/usr/lib/jvm/java-8-oracle/jre/lib/sunrsasign.jar:/usr/lib/jvm/java-8-oracle/jre/lib/jsse.jar:/usr/lib/jvm/java-8-oracle/jre/lib/jce.jar:/usr/lib/jvm/java-8-oracle/jre/lib/charsets.jar:/usr/lib/jvm/java-8-oracle/jre/lib/jfr.jar:/usr/lib/jvm/java-8-oracle/jre/classes"/>
    <property name="java.vendor" value="Oracle Corporation"/>
    <property name="maven.home" value="/usr/share/maven"/>
    <property name="file.separator" value="/"/>
    <property name="java.vendor.url.bug" value="http://bugreport.sun.com/bugreport/"/>
    <property name="sun.cpu.endian" value="little"/>
    <property name="sun.io.unicode.encoding" value="UnicodeLittle"/>
    <property name="project.build.outputDirectory" value="/home/laerton/Área de Trabalho/IFPB2017/praticas/Atividade/atividadeTesteLaerton/LocaFilme/target/generated-classes/cobertura"/>
    <property name="sun.desktop" value="gnome"/>
    <property name="sun.cpu.isalist" value=""/>
  </properties>
  <testcase name="testFilmeTamanho" classname="br.edu.ifpb.locafilme.entidades.UnitTest" time="0.014">
    <error message="Expecting a stackmap frame at branch target 81&#10;Exception Details:&#10;  Location:&#10;    br/edu/ifpb/locafilme/entidades/FilmeControler.locaFilme(Lbr/edu/ifpb/locafilme/entidades/Filme;Ljava/time/LocalDate;)V @31: if_acmpne&#10;  Reason:&#10;    Expected stackmap frame at this location.&#10;  Bytecode:&#10;    0x0000000: 033e 11ff ff36 0412 0d11 0018 b800 132b&#10;    0x0000010: b600 29b2 002f 1100 183e 1100 0036 04a6&#10;    0x0000020: 0032 1d11 0018 a000 1915 0411 0000 a000&#10;    0x0000030: 1112 0d1d 1504 04b8 0033 11ff ff36 0412&#10;    0x0000040: 0d11 0019 b800 13bb 0023 5912 35b7 0038&#10;    0x0000050: bf15 049b 0011 120d 1d15 0403 b800 3311&#10;    0x0000060: ffff 3604 120d 1100 1cb8 0013 2cb8 003e&#10;    0x0000070: b600 4211 001c 3e11 0000 3604 9c00 321d&#10;    0x0000080: 1100 1ca0 0019 1504 1100 00a0 0011 120d&#10;    0x0000090: 1d15 0404 b800 3311 ffff 3604 120d 1100&#10;    0x00000a0: 1db8 0013 bb00 2359 1244 b700 38bf 1504&#10;    0x00000b0: 9b00 1112 0d1d 1504 03b8 0033 11ff ff36&#10;    0x00000c0: 0412 0d11 0020 b800 132b 2cb6 0048 120d&#10;    0x00000d0: 1100 21b8 0013 2bb2 002f b600 4c12 0d11&#10;    0x00000e0: 0022 b800 132a b400 1a2b b600 5012 0d11&#10;    0x00000f0: 0023 b800 13b1                         &#10;  Stackmap Table:&#10;    same_frame_extended(@108)&#10;    same_frame_extended(@201)&#10;" type="java.lang.VerifyError">java.lang.VerifyError: Expecting a stackmap frame at branch target 81
Exception Details:
  Location:
    br/edu/ifpb/locafilme/entidades/FilmeControler.locaFilme(Lbr/edu/ifpb/locafilme/entidades/Filme;Ljava/time/LocalDate;)V @31: if_acmpne
  Reason:
    Expected stackmap frame at this location.
  Bytecode:
    0x0000000: 033e 11ff ff36 0412 0d11 0018 b800 132b
    0x0000010: b600 29b2 002f 1100 183e 1100 0036 04a6
    0x0000020: 0032 1d11 0018 a000 1915 0411 0000 a000
    0x0000030: 1112 0d1d 1504 04b8 0033 11ff ff36 0412
    0x0000040: 0d11 0019 b800 13bb 0023 5912 35b7 0038
    0x0000050: bf15 049b 0011 120d 1d15 0403 b800 3311
    0x0000060: ffff 3604 120d 1100 1cb8 0013 2cb8 003e
    0x0000070: b600 4211 001c 3e11 0000 3604 9c00 321d
    0x0000080: 1100 1ca0 0019 1504 1100 00a0 0011 120d
    0x0000090: 1d15 0404 b800 3311 ffff 3604 120d 1100
    0x00000a0: 1db8 0013 bb00 2359 1244 b700 38bf 1504
    0x00000b0: 9b00 1112 0d1d 1504 03b8 0033 11ff ff36
    0x00000c0: 0412 0d11 0020 b800 132b 2cb6 0048 120d
    0x00000d0: 1100 21b8 0013 2bb2 002f b600 4c12 0d11
    0x00000e0: 0022 b800 132a b400 1a2b b600 5012 0d11
    0x00000f0: 0023 b800 13b1                         
  Stackmap Table:
    same_frame_extended(@108)
    same_frame_extended(@201)

	at br.edu.ifpb.locafilme.entidades.UnitTest.setUp(UnitTest.java:46)
</error>
  </testcase>
  <testcase name="testValidaFilmeDuracao" classname="br.edu.ifpb.locafilme.entidades.UnitTest" time="0.001">
    <error message="Expecting a stackmap frame at branch target 81&#10;Exception Details:&#10;  Location:&#10;    br/edu/ifpb/locafilme/entidades/FilmeControler.locaFilme(Lbr/edu/ifpb/locafilme/entidades/Filme;Ljava/time/LocalDate;)V @31: if_acmpne&#10;  Reason:&#10;    Expected stackmap frame at this location.&#10;  Bytecode:&#10;    0x0000000: 033e 11ff ff36 0412 0d11 0018 b800 132b&#10;    0x0000010: b600 29b2 002f 1100 183e 1100 0036 04a6&#10;    0x0000020: 0032 1d11 0018 a000 1915 0411 0000 a000&#10;    0x0000030: 1112 0d1d 1504 04b8 0033 11ff ff36 0412&#10;    0x0000040: 0d11 0019 b800 13bb 0023 5912 35b7 0038&#10;    0x0000050: bf15 049b 0011 120d 1d15 0403 b800 3311&#10;    0x0000060: ffff 3604 120d 1100 1cb8 0013 2cb8 003e&#10;    0x0000070: b600 4211 001c 3e11 0000 3604 9c00 321d&#10;    0x0000080: 1100 1ca0 0019 1504 1100 00a0 0011 120d&#10;    0x0000090: 1d15 0404 b800 3311 ffff 3604 120d 1100&#10;    0x00000a0: 1db8 0013 bb00 2359 1244 b700 38bf 1504&#10;    0x00000b0: 9b00 1112 0d1d 1504 03b8 0033 11ff ff36&#10;    0x00000c0: 0412 0d11 0020 b800 132b 2cb6 0048 120d&#10;    0x00000d0: 1100 21b8 0013 2bb2 002f b600 4c12 0d11&#10;    0x00000e0: 0022 b800 132a b400 1a2b b600 5012 0d11&#10;    0x00000f0: 0023 b800 13b1                         &#10;  Stackmap Table:&#10;    same_frame_extended(@108)&#10;    same_frame_extended(@201)&#10;" type="java.lang.VerifyError">java.lang.VerifyError: Expecting a stackmap frame at branch target 81
Exception Details:
  Location:
    br/edu/ifpb/locafilme/entidades/FilmeControler.locaFilme(Lbr/edu/ifpb/locafilme/entidades/Filme;Ljava/time/LocalDate;)V @31: if_acmpne
  Reason:
    Expected stackmap frame at this location.
  Bytecode:
    0x0000000: 033e 11ff ff36 0412 0d11 0018 b800 132b
    0x0000010: b600 29b2 002f 1100 183e 1100 0036 04a6
    0x0000020: 0032 1d11 0018 a000 1915 0411 0000 a000
    0x0000030: 1112 0d1d 1504 04b8 0033 11ff ff36 0412
    0x0000040: 0d11 0019 b800 13bb 0023 5912 35b7 0038
    0x0000050: bf15 049b 0011 120d 1d15 0403 b800 3311
    0x0000060: ffff 3604 120d 1100 1cb8 0013 2cb8 003e
    0x0000070: b600 4211 001c 3e11 0000 3604 9c00 321d
    0x0000080: 1100 1ca0 0019 1504 1100 00a0 0011 120d
    0x0000090: 1d15 0404 b800 3311 ffff 3604 120d 1100
    0x00000a0: 1db8 0013 bb00 2359 1244 b700 38bf 1504
    0x00000b0: 9b00 1112 0d1d 1504 03b8 0033 11ff ff36
    0x00000c0: 0412 0d11 0020 b800 132b 2cb6 0048 120d
    0x00000d0: 1100 21b8 0013 2bb2 002f b600 4c12 0d11
    0x00000e0: 0022 b800 132a b400 1a2b b600 5012 0d11
    0x00000f0: 0023 b800 13b1                         
  Stackmap Table:
    same_frame_extended(@108)
    same_frame_extended(@201)

	at br.edu.ifpb.locafilme.entidades.UnitTest.setUp(UnitTest.java:46)
</error>
  </testcase>
  <testcase name="testValidaFilmeGenero" classname="br.edu.ifpb.locafilme.entidades.UnitTest" time="0.002">
    <error message="Expecting a stackmap frame at branch target 81&#10;Exception Details:&#10;  Location:&#10;    br/edu/ifpb/locafilme/entidades/FilmeControler.locaFilme(Lbr/edu/ifpb/locafilme/entidades/Filme;Ljava/time/LocalDate;)V @31: if_acmpne&#10;  Reason:&#10;    Expected stackmap frame at this location.&#10;  Bytecode:&#10;    0x0000000: 033e 11ff ff36 0412 0d11 0018 b800 132b&#10;    0x0000010: b600 29b2 002f 1100 183e 1100 0036 04a6&#10;    0x0000020: 0032 1d11 0018 a000 1915 0411 0000 a000&#10;    0x0000030: 1112 0d1d 1504 04b8 0033 11ff ff36 0412&#10;    0x0000040: 0d11 0019 b800 13bb 0023 5912 35b7 0038&#10;    0x0000050: bf15 049b 0011 120d 1d15 0403 b800 3311&#10;    0x0000060: ffff 3604 120d 1100 1cb8 0013 2cb8 003e&#10;    0x0000070: b600 4211 001c 3e11 0000 3604 9c00 321d&#10;    0x0000080: 1100 1ca0 0019 1504 1100 00a0 0011 120d&#10;    0x0000090: 1d15 0404 b800 3311 ffff 3604 120d 1100&#10;    0x00000a0: 1db8 0013 bb00 2359 1244 b700 38bf 1504&#10;    0x00000b0: 9b00 1112 0d1d 1504 03b8 0033 11ff ff36&#10;    0x00000c0: 0412 0d11 0020 b800 132b 2cb6 0048 120d&#10;    0x00000d0: 1100 21b8 0013 2bb2 002f b600 4c12 0d11&#10;    0x00000e0: 0022 b800 132a b400 1a2b b600 5012 0d11&#10;    0x00000f0: 0023 b800 13b1                         &#10;  Stackmap Table:&#10;    same_frame_extended(@108)&#10;    same_frame_extended(@201)&#10;" type="java.lang.VerifyError">java.lang.VerifyError: Expecting a stackmap frame at branch target 81
Exception Details:
  Location:
    br/edu/ifpb/locafilme/entidades/FilmeControler.locaFilme(Lbr/edu/ifpb/locafilme/entidades/Filme;Ljava/time/LocalDate;)V @31: if_acmpne
  Reason:
    Expected stackmap frame at this location.
  Bytecode:
    0x0000000: 033e 11ff ff36 0412 0d11 0018 b800 132b
    0x0000010: b600 29b2 002f 1100 183e 1100 0036 04a6
    0x0000020: 0032 1d11 0018 a000 1915 0411 0000 a000
    0x0000030: 1112 0d1d 1504 04b8 0033 11ff ff36 0412
    0x0000040: 0d11 0019 b800 13bb 0023 5912 35b7 0038
    0x0000050: bf15 049b 0011 120d 1d15 0403 b800 3311
    0x0000060: ffff 3604 120d 1100 1cb8 0013 2cb8 003e
    0x0000070: b600 4211 001c 3e11 0000 3604 9c00 321d
    0x0000080: 1100 1ca0 0019 1504 1100 00a0 0011 120d
    0x0000090: 1d15 0404 b800 3311 ffff 3604 120d 1100
    0x00000a0: 1db8 0013 bb00 2359 1244 b700 38bf 1504
    0x00000b0: 9b00 1112 0d1d 1504 03b8 0033 11ff ff36
    0x00000c0: 0412 0d11 0020 b800 132b 2cb6 0048 120d
    0x00000d0: 1100 21b8 0013 2bb2 002f b600 4c12 0d11
    0x00000e0: 0022 b800 132a b400 1a2b b600 5012 0d11
    0x00000f0: 0023 b800 13b1                         
  Stackmap Table:
    same_frame_extended(@108)
    same_frame_extended(@201)

	at br.edu.ifpb.locafilme.entidades.UnitTest.setUp(UnitTest.java:46)
</error>
  </testcase>
  <testcase name="testValidaFilmeTitulo" classname="br.edu.ifpb.locafilme.entidades.UnitTest" time="0.001">
    <error message="Expecting a stackmap frame at branch target 81&#10;Exception Details:&#10;  Location:&#10;    br/edu/ifpb/locafilme/entidades/FilmeControler.locaFilme(Lbr/edu/ifpb/locafilme/entidades/Filme;Ljava/time/LocalDate;)V @31: if_acmpne&#10;  Reason:&#10;    Expected stackmap frame at this location.&#10;  Bytecode:&#10;    0x0000000: 033e 11ff ff36 0412 0d11 0018 b800 132b&#10;    0x0000010: b600 29b2 002f 1100 183e 1100 0036 04a6&#10;    0x0000020: 0032 1d11 0018 a000 1915 0411 0000 a000&#10;    0x0000030: 1112 0d1d 1504 04b8 0033 11ff ff36 0412&#10;    0x0000040: 0d11 0019 b800 13bb 0023 5912 35b7 0038&#10;    0x0000050: bf15 049b 0011 120d 1d15 0403 b800 3311&#10;    0x0000060: ffff 3604 120d 1100 1cb8 0013 2cb8 003e&#10;    0x0000070: b600 4211 001c 3e11 0000 3604 9c00 321d&#10;    0x0000080: 1100 1ca0 0019 1504 1100 00a0 0011 120d&#10;    0x0000090: 1d15 0404 b800 3311 ffff 3604 120d 1100&#10;    0x00000a0: 1db8 0013 bb00 2359 1244 b700 38bf 1504&#10;    0x00000b0: 9b00 1112 0d1d 1504 03b8 0033 11ff ff36&#10;    0x00000c0: 0412 0d11 0020 b800 132b 2cb6 0048 120d&#10;    0x00000d0: 1100 21b8 0013 2bb2 002f b600 4c12 0d11&#10;    0x00000e0: 0022 b800 132a b400 1a2b b600 5012 0d11&#10;    0x00000f0: 0023 b800 13b1                         &#10;  Stackmap Table:&#10;    same_frame_extended(@108)&#10;    same_frame_extended(@201)&#10;" type="java.lang.VerifyError">java.lang.VerifyError: Expecting a stackmap frame at branch target 81
Exception Details:
  Location:
    br/edu/ifpb/locafilme/entidades/FilmeControler.locaFilme(Lbr/edu/ifpb/locafilme/entidades/Filme;Ljava/time/LocalDate;)V @31: if_acmpne
  Reason:
    Expected stackmap frame at this location.
  Bytecode:
    0x0000000: 033e 11ff ff36 0412 0d11 0018 b800 132b
    0x0000010: b600 29b2 002f 1100 183e 1100 0036 04a6
    0x0000020: 0032 1d11 0018 a000 1915 0411 0000 a000
    0x0000030: 1112 0d1d 1504 04b8 0033 11ff ff36 0412
    0x0000040: 0d11 0019 b800 13bb 0023 5912 35b7 0038
    0x0000050: bf15 049b 0011 120d 1d15 0403 b800 3311
    0x0000060: ffff 3604 120d 1100 1cb8 0013 2cb8 003e
    0x0000070: b600 4211 001c 3e11 0000 3604 9c00 321d
    0x0000080: 1100 1ca0 0019 1504 1100 00a0 0011 120d
    0x0000090: 1d15 0404 b800 3311 ffff 3604 120d 1100
    0x00000a0: 1db8 0013 bb00 2359 1244 b700 38bf 1504
    0x00000b0: 9b00 1112 0d1d 1504 03b8 0033 11ff ff36
    0x00000c0: 0412 0d11 0020 b800 132b 2cb6 0048 120d
    0x00000d0: 1100 21b8 0013 2bb2 002f b600 4c12 0d11
    0x00000e0: 0022 b800 132a b400 1a2b b600 5012 0d11
    0x00000f0: 0023 b800 13b1                         
  Stackmap Table:
    same_frame_extended(@108)
    same_frame_extended(@201)

	at br.edu.ifpb.locafilme.entidades.UnitTest.setUp(UnitTest.java:46)
</error>
  </testcase>
  <testcase name="testValidaDevolucao" classname="br.edu.ifpb.locafilme.entidades.UnitTest" time="0.002">
    <error message="Expecting a stackmap frame at branch target 81&#10;Exception Details:&#10;  Location:&#10;    br/edu/ifpb/locafilme/entidades/FilmeControler.locaFilme(Lbr/edu/ifpb/locafilme/entidades/Filme;Ljava/time/LocalDate;)V @31: if_acmpne&#10;  Reason:&#10;    Expected stackmap frame at this location.&#10;  Bytecode:&#10;    0x0000000: 033e 11ff ff36 0412 0d11 0018 b800 132b&#10;    0x0000010: b600 29b2 002f 1100 183e 1100 0036 04a6&#10;    0x0000020: 0032 1d11 0018 a000 1915 0411 0000 a000&#10;    0x0000030: 1112 0d1d 1504 04b8 0033 11ff ff36 0412&#10;    0x0000040: 0d11 0019 b800 13bb 0023 5912 35b7 0038&#10;    0x0000050: bf15 049b 0011 120d 1d15 0403 b800 3311&#10;    0x0000060: ffff 3604 120d 1100 1cb8 0013 2cb8 003e&#10;    0x0000070: b600 4211 001c 3e11 0000 3604 9c00 321d&#10;    0x0000080: 1100 1ca0 0019 1504 1100 00a0 0011 120d&#10;    0x0000090: 1d15 0404 b800 3311 ffff 3604 120d 1100&#10;    0x00000a0: 1db8 0013 bb00 2359 1244 b700 38bf 1504&#10;    0x00000b0: 9b00 1112 0d1d 1504 03b8 0033 11ff ff36&#10;    0x00000c0: 0412 0d11 0020 b800 132b 2cb6 0048 120d&#10;    0x00000d0: 1100 21b8 0013 2bb2 002f b600 4c12 0d11&#10;    0x00000e0: 0022 b800 132a b400 1a2b b600 5012 0d11&#10;    0x00000f0: 0023 b800 13b1                         &#10;  Stackmap Table:&#10;    same_frame_extended(@108)&#10;    same_frame_extended(@201)&#10;" type="java.lang.VerifyError">java.lang.VerifyError: Expecting a stackmap frame at branch target 81
Exception Details:
  Location:
    br/edu/ifpb/locafilme/entidades/FilmeControler.locaFilme(Lbr/edu/ifpb/locafilme/entidades/Filme;Ljava/time/LocalDate;)V @31: if_acmpne
  Reason:
    Expected stackmap frame at this location.
  Bytecode:
    0x0000000: 033e 11ff ff36 0412 0d11 0018 b800 132b
    0x0000010: b600 29b2 002f 1100 183e 1100 0036 04a6
    0x0000020: 0032 1d11 0018 a000 1915 0411 0000 a000
    0x0000030: 1112 0d1d 1504 04b8 0033 11ff ff36 0412
    0x0000040: 0d11 0019 b800 13bb 0023 5912 35b7 0038
    0x0000050: bf15 049b 0011 120d 1d15 0403 b800 3311
    0x0000060: ffff 3604 120d 1100 1cb8 0013 2cb8 003e
    0x0000070: b600 4211 001c 3e11 0000 3604 9c00 321d
    0x0000080: 1100 1ca0 0019 1504 1100 00a0 0011 120d
    0x0000090: 1d15 0404 b800 3311 ffff 3604 120d 1100
    0x00000a0: 1db8 0013 bb00 2359 1244 b700 38bf 1504
    0x00000b0: 9b00 1112 0d1d 1504 03b8 0033 11ff ff36
    0x00000c0: 0412 0d11 0020 b800 132b 2cb6 0048 120d
    0x00000d0: 1100 21b8 0013 2bb2 002f b600 4c12 0d11
    0x00000e0: 0022 b800 132a b400 1a2b b600 5012 0d11
    0x00000f0: 0023 b800 13b1                         
  Stackmap Table:
    same_frame_extended(@108)
    same_frame_extended(@201)

	at br.edu.ifpb.locafilme.entidades.UnitTest.setUp(UnitTest.java:46)
</error>
  </testcase>
  <testcase name="testEditaFilme" classname="br.edu.ifpb.locafilme.entidades.UnitTest" time="0.001">
    <error message="Expecting a stackmap frame at branch target 81&#10;Exception Details:&#10;  Location:&#10;    br/edu/ifpb/locafilme/entidades/FilmeControler.locaFilme(Lbr/edu/ifpb/locafilme/entidades/Filme;Ljava/time/LocalDate;)V @31: if_acmpne&#10;  Reason:&#10;    Expected stackmap frame at this location.&#10;  Bytecode:&#10;    0x0000000: 033e 11ff ff36 0412 0d11 0018 b800 132b&#10;    0x0000010: b600 29b2 002f 1100 183e 1100 0036 04a6&#10;    0x0000020: 0032 1d11 0018 a000 1915 0411 0000 a000&#10;    0x0000030: 1112 0d1d 1504 04b8 0033 11ff ff36 0412&#10;    0x0000040: 0d11 0019 b800 13bb 0023 5912 35b7 0038&#10;    0x0000050: bf15 049b 0011 120d 1d15 0403 b800 3311&#10;    0x0000060: ffff 3604 120d 1100 1cb8 0013 2cb8 003e&#10;    0x0000070: b600 4211 001c 3e11 0000 3604 9c00 321d&#10;    0x0000080: 1100 1ca0 0019 1504 1100 00a0 0011 120d&#10;    0x0000090: 1d15 0404 b800 3311 ffff 3604 120d 1100&#10;    0x00000a0: 1db8 0013 bb00 2359 1244 b700 38bf 1504&#10;    0x00000b0: 9b00 1112 0d1d 1504 03b8 0033 11ff ff36&#10;    0x00000c0: 0412 0d11 0020 b800 132b 2cb6 0048 120d&#10;    0x00000d0: 1100 21b8 0013 2bb2 002f b600 4c12 0d11&#10;    0x00000e0: 0022 b800 132a b400 1a2b b600 5012 0d11&#10;    0x00000f0: 0023 b800 13b1                         &#10;  Stackmap Table:&#10;    same_frame_extended(@108)&#10;    same_frame_extended(@201)&#10;" type="java.lang.VerifyError">java.lang.VerifyError: Expecting a stackmap frame at branch target 81
Exception Details:
  Location:
    br/edu/ifpb/locafilme/entidades/FilmeControler.locaFilme(Lbr/edu/ifpb/locafilme/entidades/Filme;Ljava/time/LocalDate;)V @31: if_acmpne
  Reason:
    Expected stackmap frame at this location.
  Bytecode:
    0x0000000: 033e 11ff ff36 0412 0d11 0018 b800 132b
    0x0000010: b600 29b2 002f 1100 183e 1100 0036 04a6
    0x0000020: 0032 1d11 0018 a000 1915 0411 0000 a000
    0x0000030: 1112 0d1d 1504 04b8 0033 11ff ff36 0412
    0x0000040: 0d11 0019 b800 13bb 0023 5912 35b7 0038
    0x0000050: bf15 049b 0011 120d 1d15 0403 b800 3311
    0x0000060: ffff 3604 120d 1100 1cb8 0013 2cb8 003e
    0x0000070: b600 4211 001c 3e11 0000 3604 9c00 321d
    0x0000080: 1100 1ca0 0019 1504 1100 00a0 0011 120d
    0x0000090: 1d15 0404 b800 3311 ffff 3604 120d 1100
    0x00000a0: 1db8 0013 bb00 2359 1244 b700 38bf 1504
    0x00000b0: 9b00 1112 0d1d 1504 03b8 0033 11ff ff36
    0x00000c0: 0412 0d11 0020 b800 132b 2cb6 0048 120d
    0x00000d0: 1100 21b8 0013 2bb2 002f b600 4c12 0d11
    0x00000e0: 0022 b800 132a b400 1a2b b600 5012 0d11
    0x00000f0: 0023 b800 13b1                         
  Stackmap Table:
    same_frame_extended(@108)
    same_frame_extended(@201)

	at br.edu.ifpb.locafilme.entidades.UnitTest.setUp(UnitTest.java:46)
</error>
  </testcase>
  <testcase name="testValidaDataEmprestimo" classname="br.edu.ifpb.locafilme.entidades.UnitTest" time="0.001">
    <error message="Expecting a stackmap frame at branch target 81&#10;Exception Details:&#10;  Location:&#10;    br/edu/ifpb/locafilme/entidades/FilmeControler.locaFilme(Lbr/edu/ifpb/locafilme/entidades/Filme;Ljava/time/LocalDate;)V @31: if_acmpne&#10;  Reason:&#10;    Expected stackmap frame at this location.&#10;  Bytecode:&#10;    0x0000000: 033e 11ff ff36 0412 0d11 0018 b800 132b&#10;    0x0000010: b600 29b2 002f 1100 183e 1100 0036 04a6&#10;    0x0000020: 0032 1d11 0018 a000 1915 0411 0000 a000&#10;    0x0000030: 1112 0d1d 1504 04b8 0033 11ff ff36 0412&#10;    0x0000040: 0d11 0019 b800 13bb 0023 5912 35b7 0038&#10;    0x0000050: bf15 049b 0011 120d 1d15 0403 b800 3311&#10;    0x0000060: ffff 3604 120d 1100 1cb8 0013 2cb8 003e&#10;    0x0000070: b600 4211 001c 3e11 0000 3604 9c00 321d&#10;    0x0000080: 1100 1ca0 0019 1504 1100 00a0 0011 120d&#10;    0x0000090: 1d15 0404 b800 3311 ffff 3604 120d 1100&#10;    0x00000a0: 1db8 0013 bb00 2359 1244 b700 38bf 1504&#10;    0x00000b0: 9b00 1112 0d1d 1504 03b8 0033 11ff ff36&#10;    0x00000c0: 0412 0d11 0020 b800 132b 2cb6 0048 120d&#10;    0x00000d0: 1100 21b8 0013 2bb2 002f b600 4c12 0d11&#10;    0x00000e0: 0022 b800 132a b400 1a2b b600 5012 0d11&#10;    0x00000f0: 0023 b800 13b1                         &#10;  Stackmap Table:&#10;    same_frame_extended(@108)&#10;    same_frame_extended(@201)&#10;" type="java.lang.VerifyError">java.lang.VerifyError: Expecting a stackmap frame at branch target 81
Exception Details:
  Location:
    br/edu/ifpb/locafilme/entidades/FilmeControler.locaFilme(Lbr/edu/ifpb/locafilme/entidades/Filme;Ljava/time/LocalDate;)V @31: if_acmpne
  Reason:
    Expected stackmap frame at this location.
  Bytecode:
    0x0000000: 033e 11ff ff36 0412 0d11 0018 b800 132b
    0x0000010: b600 29b2 002f 1100 183e 1100 0036 04a6
    0x0000020: 0032 1d11 0018 a000 1915 0411 0000 a000
    0x0000030: 1112 0d1d 1504 04b8 0033 11ff ff36 0412
    0x0000040: 0d11 0019 b800 13bb 0023 5912 35b7 0038
    0x0000050: bf15 049b 0011 120d 1d15 0403 b800 3311
    0x0000060: ffff 3604 120d 1100 1cb8 0013 2cb8 003e
    0x0000070: b600 4211 001c 3e11 0000 3604 9c00 321d
    0x0000080: 1100 1ca0 0019 1504 1100 00a0 0011 120d
    0x0000090: 1d15 0404 b800 3311 ffff 3604 120d 1100
    0x00000a0: 1db8 0013 bb00 2359 1244 b700 38bf 1504
    0x00000b0: 9b00 1112 0d1d 1504 03b8 0033 11ff ff36
    0x00000c0: 0412 0d11 0020 b800 132b 2cb6 0048 120d
    0x00000d0: 1100 21b8 0013 2bb2 002f b600 4c12 0d11
    0x00000e0: 0022 b800 132a b400 1a2b b600 5012 0d11
    0x00000f0: 0023 b800 13b1                         
  Stackmap Table:
    same_frame_extended(@108)
    same_frame_extended(@201)

	at br.edu.ifpb.locafilme.entidades.UnitTest.setUp(UnitTest.java:46)
</error>
  </testcase>
  <testcase name="testValidaFilmeTamanhoTitulo" classname="br.edu.ifpb.locafilme.entidades.UnitTest" time="0.001">
    <error message="Expecting a stackmap frame at branch target 81&#10;Exception Details:&#10;  Location:&#10;    br/edu/ifpb/locafilme/entidades/FilmeControler.locaFilme(Lbr/edu/ifpb/locafilme/entidades/Filme;Ljava/time/LocalDate;)V @31: if_acmpne&#10;  Reason:&#10;    Expected stackmap frame at this location.&#10;  Bytecode:&#10;    0x0000000: 033e 11ff ff36 0412 0d11 0018 b800 132b&#10;    0x0000010: b600 29b2 002f 1100 183e 1100 0036 04a6&#10;    0x0000020: 0032 1d11 0018 a000 1915 0411 0000 a000&#10;    0x0000030: 1112 0d1d 1504 04b8 0033 11ff ff36 0412&#10;    0x0000040: 0d11 0019 b800 13bb 0023 5912 35b7 0038&#10;    0x0000050: bf15 049b 0011 120d 1d15 0403 b800 3311&#10;    0x0000060: ffff 3604 120d 1100 1cb8 0013 2cb8 003e&#10;    0x0000070: b600 4211 001c 3e11 0000 3604 9c00 321d&#10;    0x0000080: 1100 1ca0 0019 1504 1100 00a0 0011 120d&#10;    0x0000090: 1d15 0404 b800 3311 ffff 3604 120d 1100&#10;    0x00000a0: 1db8 0013 bb00 2359 1244 b700 38bf 1504&#10;    0x00000b0: 9b00 1112 0d1d 1504 03b8 0033 11ff ff36&#10;    0x00000c0: 0412 0d11 0020 b800 132b 2cb6 0048 120d&#10;    0x00000d0: 1100 21b8 0013 2bb2 002f b600 4c12 0d11&#10;    0x00000e0: 0022 b800 132a b400 1a2b b600 5012 0d11&#10;    0x00000f0: 0023 b800 13b1                         &#10;  Stackmap Table:&#10;    same_frame_extended(@108)&#10;    same_frame_extended(@201)&#10;" type="java.lang.VerifyError">java.lang.VerifyError: Expecting a stackmap frame at branch target 81
Exception Details:
  Location:
    br/edu/ifpb/locafilme/entidades/FilmeControler.locaFilme(Lbr/edu/ifpb/locafilme/entidades/Filme;Ljava/time/LocalDate;)V @31: if_acmpne
  Reason:
    Expected stackmap frame at this location.
  Bytecode:
    0x0000000: 033e 11ff ff36 0412 0d11 0018 b800 132b
    0x0000010: b600 29b2 002f 1100 183e 1100 0036 04a6
    0x0000020: 0032 1d11 0018 a000 1915 0411 0000 a000
    0x0000030: 1112 0d1d 1504 04b8 0033 11ff ff36 0412
    0x0000040: 0d11 0019 b800 13bb 0023 5912 35b7 0038
    0x0000050: bf15 049b 0011 120d 1d15 0403 b800 3311
    0x0000060: ffff 3604 120d 1100 1cb8 0013 2cb8 003e
    0x0000070: b600 4211 001c 3e11 0000 3604 9c00 321d
    0x0000080: 1100 1ca0 0019 1504 1100 00a0 0011 120d
    0x0000090: 1d15 0404 b800 3311 ffff 3604 120d 1100
    0x00000a0: 1db8 0013 bb00 2359 1244 b700 38bf 1504
    0x00000b0: 9b00 1112 0d1d 1504 03b8 0033 11ff ff36
    0x00000c0: 0412 0d11 0020 b800 132b 2cb6 0048 120d
    0x00000d0: 1100 21b8 0013 2bb2 002f b600 4c12 0d11
    0x00000e0: 0022 b800 132a b400 1a2b b600 5012 0d11
    0x00000f0: 0023 b800 13b1                         
  Stackmap Table:
    same_frame_extended(@108)
    same_frame_extended(@201)

	at br.edu.ifpb.locafilme.entidades.UnitTest.setUp(UnitTest.java:46)
</error>
  </testcase>
</testsuite>